<?xml version="1.0" encoding="UTF-8"?>
<robot generator="Robot 7.0.1 (Python 3.12.4 on win32)" generated="2024-07-12T19:14:07.841687" rpa="false" schemaversion="5">
<suite id="s1" name="Testlogin" source="C:\Users\luana\OneDrive\Documentos\QUALITY ASSURANCE\PYTHON\Myshop\testlogin.robot">
<test id="s1-t1" name="Login Válido" line="6">
<kw name="Open Browser" owner="SeleniumLibrary">
<msg time="2024-07-12T19:14:10.202166" level="INFO">Opening browser 'Chrome' to base url 'http://www.automationpractice.pl/index.php'.</msg>
<arg>${URL}</arg>
<arg>${BROWSER}</arg>
<doc>Opens a new browser instance to the optional ``url``.</doc>
<status status="PASS" start="2024-07-12T19:14:10.202166" elapsed="21.132859"/>
</kw>
<kw name="Maximize Browser Window" owner="SeleniumLibrary">
<doc>Maximizes current browser window.</doc>
<status status="PASS" start="2024-07-12T19:14:31.347307" elapsed="0.358801"/>
</kw>
<kw name="Click Element" owner="SeleniumLibrary">
<msg time="2024-07-12T19:14:31.810907" level="INFO">Clicking element 'css=#header .nav .header_user_info &gt; a'.</msg>
<arg>css=#header .nav .header_user_info &gt; a</arg>
<doc>Click the element identified by ``locator``.</doc>
<status status="PASS" start="2024-07-12T19:14:31.810907" elapsed="2.155230"/>
</kw>
<kw name="Input Text" owner="SeleniumLibrary">
<msg time="2024-07-12T19:14:33.981065" level="INFO">Typing text 'luan-lopes71@gruposantin.com.br' into text field 'id=email'.</msg>
<arg>id=email</arg>
<arg>${VALID_EMAIL}</arg>
<doc>Types the given ``text`` into the text field identified by ``locator``.</doc>
<status status="PASS" start="2024-07-12T19:14:33.978645" elapsed="0.822358"/>
</kw>
<kw name="Input Text" owner="SeleniumLibrary">
<msg time="2024-07-12T19:14:34.801003" level="INFO">Typing text '123456' into text field 'id=passwd'.</msg>
<arg>id=passwd</arg>
<arg>${PASSWORD}</arg>
<doc>Types the given ``text`` into the text field identified by ``locator``.</doc>
<status status="PASS" start="2024-07-12T19:14:34.801003" elapsed="0.253485"/>
</kw>
<kw name="Click Element" owner="SeleniumLibrary">
<msg time="2024-07-12T19:14:35.054488" level="INFO">Clicking element 'css=#SubmitLogin &gt; span'.</msg>
<arg>css=#SubmitLogin &gt; span</arg>
<doc>Click the element identified by ``locator``.</doc>
<status status="PASS" start="2024-07-12T19:14:35.054488" elapsed="1.539717"/>
</kw>
<kw name="Wait Until Element Is Visible" owner="SeleniumLibrary">
<arg>css=#center_column &gt; h1</arg>
<doc>Waits until the element ``locator`` is visible.</doc>
<status status="PASS" start="2024-07-12T19:14:36.609825" elapsed="0.129153"/>
</kw>
<kw name="Close Browser" owner="SeleniumLibrary">
<doc>Closes the current browser.</doc>
<status status="PASS" start="2024-07-12T19:14:36.738978" elapsed="2.915631"/>
</kw>
<doc>Este caso de teste verifica o fluxo de login válido</doc>
<tag>Login</tag>
<status status="PASS" start="2024-07-12T19:14:10.147608" elapsed="29.507001"/>
</test>
<status status="PASS" start="2024-07-12T19:14:07.904170" elapsed="31.750439"/>
</suite>
<statistics>
<total>
<stat pass="1" fail="0" skip="0">All Tests</stat>
</total>
<tag>
<stat pass="1" fail="0" skip="0">Login</stat>
</tag>
<suite>
<stat pass="1" fail="0" skip="0" id="s1" name="Testlogin">Testlogin</stat>
</suite>
</statistics>
<errors>
</errors>
</robot>
